== DIAG START 2025-08-29T16:10:33-05:00 ==
== ENV (masked) ==
MQTT_USER=user1
MQTT_PASSWORD=****
MQTT_HOST=localhost
MQTT_PORT=1883

== docker ps ==
NAMES              STATUS                          PORTS
victron_ble2mqtt   Restarting (0) 38 seconds ago   
homeassistant      Up 2 hours                      

== broker port 1883 listening ==
LISTEN 0      100                           127.0.0.1:1883       0.0.0.0:*                                               
LISTEN 0      100                               [::1]:1883          [::]:*                                               

== HA MQTT status ==
== containers ==
victron_ble2mqtt	Restarting (0) 38 seconds ago
homeassistant	Up 2 hours

== YAML MQTT in /opt/homeassistant/configuration.yaml ==
12:# mqtt: !include mqtt.yaml

== core.config_entries mqtt entry (inside homeassistant) ==
bash: line 1: warning: here-document at line 1 delimited by end-of-file (wanted `PYnimport')
bash: -c: line 1: syntax error near unexpected token `('
bash: -c: line 1: `python3 - <<'PY'\nimport json\nfrom pathlib import Path\nfile=Path('/config/.storage/core.config_entries')\ntry:\n  data=json.loads(file.read_text())\n  entries=[e for e in data.get('data',{}).get('entries',[]) if e.get('domain')=='mqtt']\n  if not entries:\n    print('no mqtt entry')\n  else:\n    e=entries[0]\n    d=e.get('data',{})\n    print('title=', e.get('title'), 'source=', e.get('source'))\n    print('broker=', d.get('broker'), 'port=', d.get('port'), 'username_set=', bool(d.get('username')))\nexcept Exception as ex:\n  print('error:', ex)\nPY'

== Hint ==
If YAML is present, disable it to use the UI: run scripts/ha_disable_yaml_mqtt.sh and restart HA.
If an MQTT integration exists, configure it in the UI (Devices & Services). To re-add fresh, run scripts/ha_remove_mqtt_integration.sh then add via UI.

== retained probe (auth) ==
publish ok
test/probe probe-1756501834
subscribe ok

== HA birth topic (15s) ==
Timed out
no birth observed (may already be online)

== Discovery topics (2 msgs, 20s) ==
Timed out
no discovery observed (timeout)

== Victron container MQTT env ==
MQTT_PASSWORD=123abc123
MQTT_HOST=localhost
MQTT_PORT=1883
MQTT_USER=user1

== Recent logs: victron (last 120s) ==
Wrote /work/victron_ble2mqtt/user_settings.py with 3 devices
Wrote /work/victron_ble2mqtt/user_settings.py with 3 devices

== Recent logs: homeassistant (last 120s) ==
== DIAG END 2025-08-29T16:11:09-05:00 ==
Saved: /home/user1/victron-ble2mqtt-integration/_diag/diag_20250829-161033.log
